{"uuid":"33496386-4280-4673-9c69-3b5ee8cbfb12","historyId":"8d1518643960e4669321d759637d324","testCaseId":"3096cc2829395390f63a7b741b6a59dd","fullName":"src/test/resources/parallel/FF006_Array.feature:48","labels":[{"name":"tag","value":"RegressionTest"},{"name":"host","value":"Dell"},{"name":"thread","value":"59316@Dell.TestNG-PoolService-2(29)"},{"name":"feature","value":"Array Functionality with login"},{"name":"story","value":"Practice Questions Validation with valid codes"},{"name":"suite","value":"Array Functionality with login"},{"name":"testClass","value":"Practice Questions Validation with valid codes"},{"name":"framework","value":"cucumber4jvm"},{"name":"language","value":"java"},{"name":"gherkin_uri","value":"file:///C:/Users/Home/eclipse-workspace/DSAlgo-ProjectTTExtent/src/test/resources/parallel/FF006_Array.feature"},{"name":"package","value":"src.test.resources.parallel.FF006_Array_feature.Array Functionality with login"}],"links":[],"name":"Practice Questions Validation with valid codes","status":"broken","statusDetails":{"known":false,"muted":false,"flaky":false,"message":"element not interactable\n  (Session info: chrome=123.0.6312.124)\nBuild info: version: '4.17.0', revision: 'e52b1be057*'\nSystem info: os.name: 'Windows 11', os.arch: 'amd64', os.version: '10.0', java.version: '21.0.2'\nDriver info: org.openqa.selenium.chrome.ChromeDriver\nCommand: [7383f765dad2b1d5fa1f8fd1a849044e, sendKeysToElement {value=[Ljava.lang.CharSequence;@513334d, id=f.3571A18D4EEDD3719CFE4BE3EF6C34F9.d.B33BAEC6E890DC962BC76E877AA808DA.e.39}]\nCapabilities {acceptInsecureCerts: false, browserName: chrome, browserVersion: 123.0.6312.124, chrome: {chromedriverVersion: 123.0.6312.122 (31f8248cdd9..., userDataDir: C:\\Users\\Home\\AppData\\Local...}, fedcm:accounts: true, goog:chromeOptions: {debuggerAddress: localhost:63845}, networkConnectionEnabled: false, pageLoadStrategy: normal, platformName: windows, proxy: Proxy(), se:cdp: ws://localhost:63845/devtoo..., se:cdpVersion: 123.0.6312.124, setWindowRect: true, strictFileInteractability: false, timeouts: {implicit: 0, pageLoad: 300000, script: 30000}, unhandledPromptBehavior: dismiss and notify, webauthn:extension:credBlob: true, webauthn:extension:largeBlob: true, webauthn:extension:minPinLength: true, webauthn:extension:prf: true, webauthn:virtualAuthenticators: true}\nElement: [[ChromeDriver: chrome on windows (7383f765dad2b1d5fa1f8fd1a849044e)] -> xpath: //form[@id='answer_form']/div/div/div/textarea]\nSession ID: 7383f765dad2b1d5fa1f8fd1a849044e","trace":"org.openqa.selenium.ElementNotInteractableException: element not interactable\n  (Session info: chrome=123.0.6312.124)\nBuild info: version: '4.17.0', revision: 'e52b1be057*'\nSystem info: os.name: 'Windows 11', os.arch: 'amd64', os.version: '10.0', java.version: '21.0.2'\nDriver info: org.openqa.selenium.chrome.ChromeDriver\nCommand: [7383f765dad2b1d5fa1f8fd1a849044e, sendKeysToElement {value=[Ljava.lang.CharSequence;@513334d, id=f.3571A18D4EEDD3719CFE4BE3EF6C34F9.d.B33BAEC6E890DC962BC76E877AA808DA.e.39}]\nCapabilities {acceptInsecureCerts: false, browserName: chrome, browserVersion: 123.0.6312.124, chrome: {chromedriverVersion: 123.0.6312.122 (31f8248cdd9..., userDataDir: C:\\Users\\Home\\AppData\\Local...}, fedcm:accounts: true, goog:chromeOptions: {debuggerAddress: localhost:63845}, networkConnectionEnabled: false, pageLoadStrategy: normal, platformName: windows, proxy: Proxy(), se:cdp: ws://localhost:63845/devtoo..., se:cdpVersion: 123.0.6312.124, setWindowRect: true, strictFileInteractability: false, timeouts: {implicit: 0, pageLoad: 300000, script: 30000}, unhandledPromptBehavior: dismiss and notify, webauthn:extension:credBlob: true, webauthn:extension:largeBlob: true, webauthn:extension:minPinLength: true, webauthn:extension:prf: true, webauthn:virtualAuthenticators: true}\nElement: [[ChromeDriver: chrome on windows (7383f765dad2b1d5fa1f8fd1a849044e)] -> xpath: //form[@id='answer_form']/div/div/div/textarea]\nSession ID: 7383f765dad2b1d5fa1f8fd1a849044e\r\n\tat java.base/jdk.internal.reflect.DirectConstructorHandleAccessor.newInstance(DirectConstructorHandleAccessor.java:62)\r\n\tat java.base/java.lang.reflect.Constructor.newInstanceWithCaller(Constructor.java:502)\r\n\tat java.base/java.lang.reflect.Constructor.newInstance(Constructor.java:486)\r\n\tat org.openqa.selenium.remote.codec.w3c.W3CHttpResponseCodec.createException(W3CHttpResponseCodec.java:185)\r\n\tat org.openqa.selenium.remote.codec.w3c.W3CHttpResponseCodec.decode(W3CHttpResponseCodec.java:134)\r\n\tat org.openqa.selenium.remote.codec.w3c.W3CHttpResponseCodec.decode(W3CHttpResponseCodec.java:51)\r\n\tat org.openqa.selenium.remote.HttpCommandExecutor.execute(HttpCommandExecutor.java:190)\r\n\tat org.openqa.selenium.remote.service.DriverCommandExecutor.invokeExecute(DriverCommandExecutor.java:216)\r\n\tat org.openqa.selenium.remote.service.DriverCommandExecutor.execute(DriverCommandExecutor.java:174)\r\n\tat org.openqa.selenium.remote.RemoteWebDriver.execute(RemoteWebDriver.java:519)\r\n\tat org.openqa.selenium.remote.RemoteWebElement.execute(RemoteWebElement.java:223)\r\n\tat org.openqa.selenium.remote.RemoteWebElement.sendKeys(RemoteWebElement.java:110)\r\n\tat com.pages.ArrayPage.copyCode(ArrayPage.java:138)\r\n\tat parallel.GeneralPageSteps.the_user_write_code_inPracQn_editor_from_sheetname_and_rownumber(GeneralPageSteps.java:127)\r\n\tat ✽.The user write code in PracQn Editor from sheetname 'pythonCode' and rownumber 4(file:///C:/Users/Home/eclipse-workspace/DSAlgo-ProjectTTExtent/src/test/resources/parallel/FF006_Array.feature:41)\r\n"},"stage":"finished","steps":[{"name":"Given User has already Logged in","status":"passed","statusDetails":{"known":false,"muted":false,"flaky":false},"stage":"finished","steps":[],"attachments":[{"name":"Data table","source":"f07970cc-52b6-4ef2-a9ce-41f5d1b3a4e8-attachment.csv","type":"text/tab-separated-values"}],"parameters":[],"start":1713586304202,"stop":1713586305877},{"name":"Given The user is on the \"NumpyNinja\" Home Page","status":"passed","statusDetails":{"known":false,"muted":false,"flaky":false},"stage":"finished","steps":[],"attachments":[],"parameters":[],"start":1713586305882,"stop":1713586306106},{"name":"When User clicks on Data Structures dropdown arrow","status":"passed","statusDetails":{"known":false,"muted":false,"flaky":false},"stage":"finished","steps":[],"attachments":[],"parameters":[],"start":1713586306108,"stop":1713586306267},{"name":"Then User should able to see six option in DataStructure Dropdown","status":"passed","statusDetails":{"known":false,"muted":false,"flaky":false},"stage":"finished","steps":[],"attachments":[],"parameters":[],"start":1713586306267,"stop":1713586306270},{"name":"When User clicks on the Arrays List","status":"passed","statusDetails":{"known":false,"muted":false,"flaky":false},"stage":"finished","steps":[],"attachments":[],"parameters":[],"start":1713586306271,"stop":1713586306641},{"name":"Then User should be on \"Array\" page","status":"passed","statusDetails":{"known":false,"muted":false,"flaky":false},"stage":"finished","steps":[],"attachments":[],"parameters":[],"start":1713586306642,"stop":1713586306654},{"name":"Given The user is on the \"Practice Questions\" page","status":"passed","statusDetails":{"known":false,"muted":false,"flaky":false},"stage":"finished","steps":[],"attachments":[],"parameters":[],"start":1713586306655,"stop":1713586306831},{"name":"When User click on \"Max Consecutive Ones\" page","status":"passed","statusDetails":{"known":false,"muted":false,"flaky":false},"stage":"finished","steps":[],"attachments":[],"parameters":[],"start":1713586306832,"stop":1713586308555},{"name":"And User clear the text-editor","status":"passed","statusDetails":{"known":false,"muted":false,"flaky":false},"stage":"finished","steps":[],"attachments":[],"parameters":[],"start":1713586308555,"stop":1713586308956},{"name":"When The user write code in PracQn Editor from sheetname 'pythonCode' and rownumber 4","status":"broken","statusDetails":{"known":false,"muted":false,"flaky":false,"message":"element not interactable\n  (Session info: chrome=123.0.6312.124)\nBuild info: version: '4.17.0', revision: 'e52b1be057*'\nSystem info: os.name: 'Windows 11', os.arch: 'amd64', os.version: '10.0', java.version: '21.0.2'\nDriver info: org.openqa.selenium.chrome.ChromeDriver\nCommand: [7383f765dad2b1d5fa1f8fd1a849044e, sendKeysToElement {value=[Ljava.lang.CharSequence;@513334d, id=f.3571A18D4EEDD3719CFE4BE3EF6C34F9.d.B33BAEC6E890DC962BC76E877AA808DA.e.39}]\nCapabilities {acceptInsecureCerts: false, browserName: chrome, browserVersion: 123.0.6312.124, chrome: {chromedriverVersion: 123.0.6312.122 (31f8248cdd9..., userDataDir: C:\\Users\\Home\\AppData\\Local...}, fedcm:accounts: true, goog:chromeOptions: {debuggerAddress: localhost:63845}, networkConnectionEnabled: false, pageLoadStrategy: normal, platformName: windows, proxy: Proxy(), se:cdp: ws://localhost:63845/devtoo..., se:cdpVersion: 123.0.6312.124, setWindowRect: true, strictFileInteractability: false, timeouts: {implicit: 0, pageLoad: 300000, script: 30000}, unhandledPromptBehavior: dismiss and notify, webauthn:extension:credBlob: true, webauthn:extension:largeBlob: true, webauthn:extension:minPinLength: true, webauthn:extension:prf: true, webauthn:virtualAuthenticators: true}\nElement: [[ChromeDriver: chrome on windows (7383f765dad2b1d5fa1f8fd1a849044e)] -> xpath: //form[@id='answer_form']/div/div/div/textarea]\nSession ID: 7383f765dad2b1d5fa1f8fd1a849044e","trace":"org.openqa.selenium.ElementNotInteractableException: element not interactable\n  (Session info: chrome=123.0.6312.124)\nBuild info: version: '4.17.0', revision: 'e52b1be057*'\nSystem info: os.name: 'Windows 11', os.arch: 'amd64', os.version: '10.0', java.version: '21.0.2'\nDriver info: org.openqa.selenium.chrome.ChromeDriver\nCommand: [7383f765dad2b1d5fa1f8fd1a849044e, sendKeysToElement {value=[Ljava.lang.CharSequence;@513334d, id=f.3571A18D4EEDD3719CFE4BE3EF6C34F9.d.B33BAEC6E890DC962BC76E877AA808DA.e.39}]\nCapabilities {acceptInsecureCerts: false, browserName: chrome, browserVersion: 123.0.6312.124, chrome: {chromedriverVersion: 123.0.6312.122 (31f8248cdd9..., userDataDir: C:\\Users\\Home\\AppData\\Local...}, fedcm:accounts: true, goog:chromeOptions: {debuggerAddress: localhost:63845}, networkConnectionEnabled: false, pageLoadStrategy: normal, platformName: windows, proxy: Proxy(), se:cdp: ws://localhost:63845/devtoo..., se:cdpVersion: 123.0.6312.124, setWindowRect: true, strictFileInteractability: false, timeouts: {implicit: 0, pageLoad: 300000, script: 30000}, unhandledPromptBehavior: dismiss and notify, webauthn:extension:credBlob: true, webauthn:extension:largeBlob: true, webauthn:extension:minPinLength: true, webauthn:extension:prf: true, webauthn:virtualAuthenticators: true}\nElement: [[ChromeDriver: chrome on windows (7383f765dad2b1d5fa1f8fd1a849044e)] -> xpath: //form[@id='answer_form']/div/div/div/textarea]\nSession ID: 7383f765dad2b1d5fa1f8fd1a849044e\r\n\tat java.base/jdk.internal.reflect.DirectConstructorHandleAccessor.newInstance(DirectConstructorHandleAccessor.java:62)\r\n\tat java.base/java.lang.reflect.Constructor.newInstanceWithCaller(Constructor.java:502)\r\n\tat java.base/java.lang.reflect.Constructor.newInstance(Constructor.java:486)\r\n\tat org.openqa.selenium.remote.codec.w3c.W3CHttpResponseCodec.createException(W3CHttpResponseCodec.java:185)\r\n\tat org.openqa.selenium.remote.codec.w3c.W3CHttpResponseCodec.decode(W3CHttpResponseCodec.java:134)\r\n\tat org.openqa.selenium.remote.codec.w3c.W3CHttpResponseCodec.decode(W3CHttpResponseCodec.java:51)\r\n\tat org.openqa.selenium.remote.HttpCommandExecutor.execute(HttpCommandExecutor.java:190)\r\n\tat org.openqa.selenium.remote.service.DriverCommandExecutor.invokeExecute(DriverCommandExecutor.java:216)\r\n\tat org.openqa.selenium.remote.service.DriverCommandExecutor.execute(DriverCommandExecutor.java:174)\r\n\tat org.openqa.selenium.remote.RemoteWebDriver.execute(RemoteWebDriver.java:519)\r\n\tat org.openqa.selenium.remote.RemoteWebElement.execute(RemoteWebElement.java:223)\r\n\tat org.openqa.selenium.remote.RemoteWebElement.sendKeys(RemoteWebElement.java:110)\r\n\tat com.pages.ArrayPage.copyCode(ArrayPage.java:138)\r\n\tat parallel.GeneralPageSteps.the_user_write_code_inPracQn_editor_from_sheetname_and_rownumber(GeneralPageSteps.java:127)\r\n\tat ✽.The user write code in PracQn Editor from sheetname 'pythonCode' and rownumber 4(file:///C:/Users/Home/eclipse-workspace/DSAlgo-ProjectTTExtent/src/test/resources/parallel/FF006_Array.feature:41)\r\n"},"stage":"finished","steps":[],"attachments":[],"parameters":[],"start":1713586308956,"stop":1713586309833},{"name":"And Click the run button","status":"skipped","statusDetails":{"known":false,"muted":false,"flaky":false},"stage":"finished","steps":[],"attachments":[],"parameters":[],"start":1713586309848,"stop":1713586309849},{"name":"Then The user is on the \"Assessment\" Page1","status":"skipped","statusDetails":{"known":false,"muted":false,"flaky":false},"stage":"finished","steps":[],"attachments":[],"parameters":[],"start":1713586309849,"stop":1713586309849}],"attachments":[],"parameters":[{"name":"Practice_Topic","value":"Max Consecutive Ones"},{"name":"URL","value":"https://dsportalapp.herokuapp.com/question/2"},{"name":"SheetName","value":"pythonCode"},{"name":"RowNum","value":"4"},{"name":"Result","value":"4"}],"start":1713586301705,"stop":1713586319062}