{"uuid":"3b72f892-cba3-474c-b55c-7f38999ada50","historyId":"2c92da622a87abb3a2dd642fa3d16508","testCaseId":"3c2d50216b1eb30fc5efd1919a0672a4","fullName":"src/test/resources/parallel/FF010_Tree.feature:30","labels":[{"name":"tag","value":"RegressionTest"},{"name":"host","value":"Dell"},{"name":"thread","value":"75596@Dell.TestNG-PoolService-4(28)"},{"name":"feature","value":"Tree Functionality with login"},{"name":"story","value":"Try Editor validation for Tree with testcodes"},{"name":"suite","value":"Tree Functionality with login"},{"name":"testClass","value":"Try Editor validation for Tree with testcodes"},{"name":"framework","value":"cucumber4jvm"},{"name":"language","value":"java"},{"name":"gherkin_uri","value":"file:///C:/Users/Home/eclipse-workspace/DSAlgo-ProjectTTExtent/src/test/resources/parallel/FF010_Tree.feature"},{"name":"package","value":"src.test.resources.parallel.FF010_Tree_feature.Tree Functionality with login"}],"links":[],"name":"Try Editor validation for Tree with testcodes","status":"broken","statusDetails":{"known":false,"muted":false,"flaky":false,"message":"element not interactable\n  (Session info: chrome=123.0.6312.124)\nBuild info: version: '4.17.0', revision: 'e52b1be057*'\nSystem info: os.name: 'Windows 11', os.arch: 'amd64', os.version: '10.0', java.version: '21.0.2'\nDriver info: org.openqa.selenium.chrome.ChromeDriver\nCommand: [9e9c0e599dcc541871086fd36fb5d07a, sendKeysToElement {value=[Ljava.lang.CharSequence;@4e30cb93, id=f.7543717C38208A518A3AC5230F6EE829.d.FBACDA08F4709EADB6C6A8ACAB58FE24.e.45}]\nCapabilities {acceptInsecureCerts: false, browserName: chrome, browserVersion: 123.0.6312.124, chrome: {chromedriverVersion: 123.0.6312.122 (31f8248cdd9..., userDataDir: C:\\Users\\Home\\AppData\\Local...}, fedcm:accounts: true, goog:chromeOptions: {debuggerAddress: localhost:57393}, networkConnectionEnabled: false, pageLoadStrategy: normal, platformName: windows, proxy: Proxy(), se:cdp: ws://localhost:57393/devtoo..., se:cdpVersion: 123.0.6312.124, setWindowRect: true, strictFileInteractability: false, timeouts: {implicit: 0, pageLoad: 300000, script: 30000}, unhandledPromptBehavior: dismiss and notify, webauthn:extension:credBlob: true, webauthn:extension:largeBlob: true, webauthn:extension:minPinLength: true, webauthn:extension:prf: true, webauthn:virtualAuthenticators: true}\nElement: [org.openqa.selenium.remote.RemoteWebElement@5e76d09e -> unknown locator]\nSession ID: 9e9c0e599dcc541871086fd36fb5d07a","trace":"org.openqa.selenium.ElementNotInteractableException: element not interactable\n  (Session info: chrome=123.0.6312.124)\nBuild info: version: '4.17.0', revision: 'e52b1be057*'\nSystem info: os.name: 'Windows 11', os.arch: 'amd64', os.version: '10.0', java.version: '21.0.2'\nDriver info: org.openqa.selenium.chrome.ChromeDriver\nCommand: [9e9c0e599dcc541871086fd36fb5d07a, sendKeysToElement {value=[Ljava.lang.CharSequence;@4e30cb93, id=f.7543717C38208A518A3AC5230F6EE829.d.FBACDA08F4709EADB6C6A8ACAB58FE24.e.45}]\nCapabilities {acceptInsecureCerts: false, browserName: chrome, browserVersion: 123.0.6312.124, chrome: {chromedriverVersion: 123.0.6312.122 (31f8248cdd9..., userDataDir: C:\\Users\\Home\\AppData\\Local...}, fedcm:accounts: true, goog:chromeOptions: {debuggerAddress: localhost:57393}, networkConnectionEnabled: false, pageLoadStrategy: normal, platformName: windows, proxy: Proxy(), se:cdp: ws://localhost:57393/devtoo..., se:cdpVersion: 123.0.6312.124, setWindowRect: true, strictFileInteractability: false, timeouts: {implicit: 0, pageLoad: 300000, script: 30000}, unhandledPromptBehavior: dismiss and notify, webauthn:extension:credBlob: true, webauthn:extension:largeBlob: true, webauthn:extension:minPinLength: true, webauthn:extension:prf: true, webauthn:virtualAuthenticators: true}\nElement: [org.openqa.selenium.remote.RemoteWebElement@5e76d09e -> unknown locator]\nSession ID: 9e9c0e599dcc541871086fd36fb5d07a\r\n\tat java.base/jdk.internal.reflect.DirectConstructorHandleAccessor.newInstance(DirectConstructorHandleAccessor.java:62)\r\n\tat java.base/java.lang.reflect.Constructor.newInstanceWithCaller(Constructor.java:502)\r\n\tat java.base/java.lang.reflect.Constructor.newInstance(Constructor.java:486)\r\n\tat org.openqa.selenium.remote.codec.w3c.W3CHttpResponseCodec.createException(W3CHttpResponseCodec.java:185)\r\n\tat org.openqa.selenium.remote.codec.w3c.W3CHttpResponseCodec.decode(W3CHttpResponseCodec.java:134)\r\n\tat org.openqa.selenium.remote.codec.w3c.W3CHttpResponseCodec.decode(W3CHttpResponseCodec.java:51)\r\n\tat org.openqa.selenium.remote.HttpCommandExecutor.execute(HttpCommandExecutor.java:190)\r\n\tat org.openqa.selenium.remote.service.DriverCommandExecutor.invokeExecute(DriverCommandExecutor.java:216)\r\n\tat org.openqa.selenium.remote.service.DriverCommandExecutor.execute(DriverCommandExecutor.java:174)\r\n\tat org.openqa.selenium.remote.RemoteWebDriver.execute(RemoteWebDriver.java:519)\r\n\tat org.openqa.selenium.remote.RemoteWebElement.execute(RemoteWebElement.java:223)\r\n\tat org.openqa.selenium.remote.RemoteWebElement.sendKeys(RemoteWebElement.java:110)\r\n\tat com.pages.ArrayPage.texteditorData(ArrayPage.java:121)\r\n\tat parallel.GeneralPageSteps.the_user_write_code_in_editor_from_given_sheetname_and_rownumber(GeneralPageSteps.java:118)\r\n\tat ✽.The user write code in Editor from sheetname 'pythonCode' and rownumber 0(file:///C:/Users/Home/eclipse-workspace/DSAlgo-ProjectTTExtent/src/test/resources/parallel/FF010_Tree.feature:18)\r\n"},"stage":"finished","steps":[{"name":"Given User has already Logged in","status":"passed","statusDetails":{"known":false,"muted":false,"flaky":false},"stage":"finished","steps":[],"attachments":[{"name":"Data table","source":"77955b51-6ce1-45cb-b5b1-795233107b82-attachment.csv","type":"text/tab-separated-values"}],"parameters":[],"start":1713569713061,"stop":1713569714480},{"name":"Given The user is on the \"NumpyNinja\" Home Page","status":"passed","statusDetails":{"known":false,"muted":false,"flaky":false},"stage":"finished","steps":[],"attachments":[],"parameters":[],"start":1713569714481,"stop":1713569714602},{"name":"When User clicks on Get Started button index 5","status":"passed","statusDetails":{"known":false,"muted":false,"flaky":false},"stage":"finished","steps":[],"attachments":[],"parameters":[],"start":1713569714602,"stop":1713569714956},{"name":"Then User should be on \"Tree\" page","status":"passed","statusDetails":{"known":false,"muted":false,"flaky":false},"stage":"finished","steps":[],"attachments":[],"parameters":[],"start":1713569714957,"stop":1713569714969},{"name":"Given User is on the \"Tree\" Home Page of URL \"https://dsportalapp.herokuapp.com/tree/\"","status":"passed","statusDetails":{"known":false,"muted":false,"flaky":false},"stage":"finished","steps":[],"attachments":[],"parameters":[],"start":1713569714969,"stop":1713569715111},{"name":"When User click on 'Terminologies'","status":"passed","statusDetails":{"known":false,"muted":false,"flaky":false},"stage":"finished","steps":[],"attachments":[],"parameters":[],"start":1713569715111,"stop":1713569715417},{"name":"Then User should navigate to page that contains title 'Terminologies'","status":"passed","statusDetails":{"known":false,"muted":false,"flaky":false},"stage":"finished","steps":[],"attachments":[],"parameters":[],"start":1713569715417,"stop":1713569715558},{"name":"When User clicks Try Here button of \"Terminologies\"","status":"passed","statusDetails":{"known":false,"muted":false,"flaky":false},"stage":"finished","steps":[],"attachments":[],"parameters":[],"start":1713569715559,"stop":1713569716291},{"name":"And The user is on the \"Assessment\" Home Page","status":"passed","statusDetails":{"known":false,"muted":false,"flaky":false},"stage":"finished","steps":[],"attachments":[],"parameters":[],"start":1713569716292,"stop":1713569716524},{"name":"When The user write code in Editor from sheetname 'pythonCode' and rownumber 0","status":"broken","statusDetails":{"known":false,"muted":false,"flaky":false,"message":"element not interactable\n  (Session info: chrome=123.0.6312.124)\nBuild info: version: '4.17.0', revision: 'e52b1be057*'\nSystem info: os.name: 'Windows 11', os.arch: 'amd64', os.version: '10.0', java.version: '21.0.2'\nDriver info: org.openqa.selenium.chrome.ChromeDriver\nCommand: [9e9c0e599dcc541871086fd36fb5d07a, sendKeysToElement {value=[Ljava.lang.CharSequence;@4e30cb93, id=f.7543717C38208A518A3AC5230F6EE829.d.FBACDA08F4709EADB6C6A8ACAB58FE24.e.45}]\nCapabilities {acceptInsecureCerts: false, browserName: chrome, browserVersion: 123.0.6312.124, chrome: {chromedriverVersion: 123.0.6312.122 (31f8248cdd9..., userDataDir: C:\\Users\\Home\\AppData\\Local...}, fedcm:accounts: true, goog:chromeOptions: {debuggerAddress: localhost:57393}, networkConnectionEnabled: false, pageLoadStrategy: normal, platformName: windows, proxy: Proxy(), se:cdp: ws://localhost:57393/devtoo..., se:cdpVersion: 123.0.6312.124, setWindowRect: true, strictFileInteractability: false, timeouts: {implicit: 0, pageLoad: 300000, script: 30000}, unhandledPromptBehavior: dismiss and notify, webauthn:extension:credBlob: true, webauthn:extension:largeBlob: true, webauthn:extension:minPinLength: true, webauthn:extension:prf: true, webauthn:virtualAuthenticators: true}\nElement: [org.openqa.selenium.remote.RemoteWebElement@5e76d09e -> unknown locator]\nSession ID: 9e9c0e599dcc541871086fd36fb5d07a","trace":"org.openqa.selenium.ElementNotInteractableException: element not interactable\n  (Session info: chrome=123.0.6312.124)\nBuild info: version: '4.17.0', revision: 'e52b1be057*'\nSystem info: os.name: 'Windows 11', os.arch: 'amd64', os.version: '10.0', java.version: '21.0.2'\nDriver info: org.openqa.selenium.chrome.ChromeDriver\nCommand: [9e9c0e599dcc541871086fd36fb5d07a, sendKeysToElement {value=[Ljava.lang.CharSequence;@4e30cb93, id=f.7543717C38208A518A3AC5230F6EE829.d.FBACDA08F4709EADB6C6A8ACAB58FE24.e.45}]\nCapabilities {acceptInsecureCerts: false, browserName: chrome, browserVersion: 123.0.6312.124, chrome: {chromedriverVersion: 123.0.6312.122 (31f8248cdd9..., userDataDir: C:\\Users\\Home\\AppData\\Local...}, fedcm:accounts: true, goog:chromeOptions: {debuggerAddress: localhost:57393}, networkConnectionEnabled: false, pageLoadStrategy: normal, platformName: windows, proxy: Proxy(), se:cdp: ws://localhost:57393/devtoo..., se:cdpVersion: 123.0.6312.124, setWindowRect: true, strictFileInteractability: false, timeouts: {implicit: 0, pageLoad: 300000, script: 30000}, unhandledPromptBehavior: dismiss and notify, webauthn:extension:credBlob: true, webauthn:extension:largeBlob: true, webauthn:extension:minPinLength: true, webauthn:extension:prf: true, webauthn:virtualAuthenticators: true}\nElement: [org.openqa.selenium.remote.RemoteWebElement@5e76d09e -> unknown locator]\nSession ID: 9e9c0e599dcc541871086fd36fb5d07a\r\n\tat java.base/jdk.internal.reflect.DirectConstructorHandleAccessor.newInstance(DirectConstructorHandleAccessor.java:62)\r\n\tat java.base/java.lang.reflect.Constructor.newInstanceWithCaller(Constructor.java:502)\r\n\tat java.base/java.lang.reflect.Constructor.newInstance(Constructor.java:486)\r\n\tat org.openqa.selenium.remote.codec.w3c.W3CHttpResponseCodec.createException(W3CHttpResponseCodec.java:185)\r\n\tat org.openqa.selenium.remote.codec.w3c.W3CHttpResponseCodec.decode(W3CHttpResponseCodec.java:134)\r\n\tat org.openqa.selenium.remote.codec.w3c.W3CHttpResponseCodec.decode(W3CHttpResponseCodec.java:51)\r\n\tat org.openqa.selenium.remote.HttpCommandExecutor.execute(HttpCommandExecutor.java:190)\r\n\tat org.openqa.selenium.remote.service.DriverCommandExecutor.invokeExecute(DriverCommandExecutor.java:216)\r\n\tat org.openqa.selenium.remote.service.DriverCommandExecutor.execute(DriverCommandExecutor.java:174)\r\n\tat org.openqa.selenium.remote.RemoteWebDriver.execute(RemoteWebDriver.java:519)\r\n\tat org.openqa.selenium.remote.RemoteWebElement.execute(RemoteWebElement.java:223)\r\n\tat org.openqa.selenium.remote.RemoteWebElement.sendKeys(RemoteWebElement.java:110)\r\n\tat com.pages.ArrayPage.texteditorData(ArrayPage.java:121)\r\n\tat parallel.GeneralPageSteps.the_user_write_code_in_editor_from_given_sheetname_and_rownumber(GeneralPageSteps.java:118)\r\n\tat ✽.The user write code in Editor from sheetname 'pythonCode' and rownumber 0(file:///C:/Users/Home/eclipse-workspace/DSAlgo-ProjectTTExtent/src/test/resources/parallel/FF010_Tree.feature:18)\r\n"},"stage":"finished","steps":[],"attachments":[],"parameters":[],"start":1713569716525,"stop":1713569719150},{"name":"And Click the run button","status":"skipped","statusDetails":{"known":false,"muted":false,"flaky":false},"stage":"finished","steps":[],"attachments":[],"parameters":[],"start":1713569719151,"stop":1713569719151},{"name":"Then The user should able to see output in the console \"hello\"","status":"skipped","statusDetails":{"known":false,"muted":false,"flaky":false},"stage":"finished","steps":[],"attachments":[],"parameters":[],"start":1713569719151,"stop":1713569719151},{"name":"And The user is on the \"Assessment\" Home Page","status":"skipped","statusDetails":{"known":false,"muted":false,"flaky":false},"stage":"finished","steps":[],"attachments":[],"parameters":[],"start":1713569719151,"stop":1713569719151},{"name":"When The user write code in Editor from sheetname 'pythonCode' and rownumber 1","status":"skipped","statusDetails":{"known":false,"muted":false,"flaky":false},"stage":"finished","steps":[],"attachments":[],"parameters":[],"start":1713569719151,"stop":1713569719151},{"name":"And Click the run button","status":"skipped","statusDetails":{"known":false,"muted":false,"flaky":false},"stage":"finished","steps":[],"attachments":[],"parameters":[],"start":1713569719151,"stop":1713569719152},{"name":"Then The user should able to see an error message in alert window","status":"skipped","statusDetails":{"known":false,"muted":false,"flaky":false},"stage":"finished","steps":[],"attachments":[],"parameters":[],"start":1713569719152,"stop":1713569719152},{"name":"And The user is on the \"Assessment\" Home Page","status":"skipped","statusDetails":{"known":false,"muted":false,"flaky":false},"stage":"finished","steps":[],"attachments":[],"parameters":[],"start":1713569719152,"stop":1713569719152}],"attachments":[],"parameters":[{"name":"Topic","value":"Terminologies"},{"name":"Title","value":"Terminologies"},{"name":"Try Here","value":"Try Here"},{"name":"SheetName","value":"pythonCode"}],"start":1713569710505,"stop":1713569731794}