{"uuid":"4bc21404-58c2-414c-8f6f-c31ae9914047","historyId":"e53c243780e114afc873e47b7862b6e0","testCaseId":"bcb4923f986f710712a4a3e43d17557d","fullName":"src/test/resources/parallel/FF007_Linkedlist.feature:33","labels":[{"name":"tag","value":"RegressionTest"},{"name":"host","value":"Dell"},{"name":"thread","value":"78468@Dell.TestNG-PoolService-2(27)"},{"name":"feature","value":"Linkedlist Functionality with login"},{"name":"story","value":"Try Editor validation for Linkedlist with testcodes"},{"name":"suite","value":"Linkedlist Functionality with login"},{"name":"testClass","value":"Try Editor validation for Linkedlist with testcodes"},{"name":"framework","value":"cucumber4jvm"},{"name":"language","value":"java"},{"name":"gherkin_uri","value":"file:///C:/Users/Home/eclipse-workspace/DSAlgo-ProjectTTExtent/src/test/resources/parallel/FF007_Linkedlist.feature"},{"name":"package","value":"src.test.resources.parallel.FF007_Linkedlist_feature.Linkedlist Functionality with login"}],"links":[],"name":"Try Editor validation for Linkedlist with testcodes","status":"broken","statusDetails":{"known":false,"muted":false,"flaky":false,"message":"element not interactable\n  (Session info: chrome=123.0.6312.124)\nBuild info: version: '4.17.0', revision: 'e52b1be057*'\nSystem info: os.name: 'Windows 11', os.arch: 'amd64', os.version: '10.0', java.version: '21.0.2'\nDriver info: org.openqa.selenium.chrome.ChromeDriver\nCommand: [e1147e4bc30dc5622e7a03e7461e296b, sendKeysToElement {value=[Ljava.lang.CharSequence;@23cb37f3, id=f.EB01ECCCC2340E2696365DA2E4859B05.d.BF406CB8D79B927BFA227AE0879061FF.e.46}]\nCapabilities {acceptInsecureCerts: false, browserName: chrome, browserVersion: 123.0.6312.124, chrome: {chromedriverVersion: 123.0.6312.122 (31f8248cdd9..., userDataDir: C:\\Users\\Home\\AppData\\Local...}, fedcm:accounts: true, goog:chromeOptions: {debuggerAddress: localhost:53705}, networkConnectionEnabled: false, pageLoadStrategy: normal, platformName: windows, proxy: Proxy(), se:cdp: ws://localhost:53705/devtoo..., se:cdpVersion: 123.0.6312.124, setWindowRect: true, strictFileInteractability: false, timeouts: {implicit: 0, pageLoad: 300000, script: 30000}, unhandledPromptBehavior: dismiss and notify, webauthn:extension:credBlob: true, webauthn:extension:largeBlob: true, webauthn:extension:minPinLength: true, webauthn:extension:prf: true, webauthn:virtualAuthenticators: true}\nElement: [org.openqa.selenium.remote.RemoteWebElement@31a332e4 -> unknown locator]\nSession ID: e1147e4bc30dc5622e7a03e7461e296b","trace":"org.openqa.selenium.ElementNotInteractableException: element not interactable\n  (Session info: chrome=123.0.6312.124)\nBuild info: version: '4.17.0', revision: 'e52b1be057*'\nSystem info: os.name: 'Windows 11', os.arch: 'amd64', os.version: '10.0', java.version: '21.0.2'\nDriver info: org.openqa.selenium.chrome.ChromeDriver\nCommand: [e1147e4bc30dc5622e7a03e7461e296b, sendKeysToElement {value=[Ljava.lang.CharSequence;@23cb37f3, id=f.EB01ECCCC2340E2696365DA2E4859B05.d.BF406CB8D79B927BFA227AE0879061FF.e.46}]\nCapabilities {acceptInsecureCerts: false, browserName: chrome, browserVersion: 123.0.6312.124, chrome: {chromedriverVersion: 123.0.6312.122 (31f8248cdd9..., userDataDir: C:\\Users\\Home\\AppData\\Local...}, fedcm:accounts: true, goog:chromeOptions: {debuggerAddress: localhost:53705}, networkConnectionEnabled: false, pageLoadStrategy: normal, platformName: windows, proxy: Proxy(), se:cdp: ws://localhost:53705/devtoo..., se:cdpVersion: 123.0.6312.124, setWindowRect: true, strictFileInteractability: false, timeouts: {implicit: 0, pageLoad: 300000, script: 30000}, unhandledPromptBehavior: dismiss and notify, webauthn:extension:credBlob: true, webauthn:extension:largeBlob: true, webauthn:extension:minPinLength: true, webauthn:extension:prf: true, webauthn:virtualAuthenticators: true}\nElement: [org.openqa.selenium.remote.RemoteWebElement@31a332e4 -> unknown locator]\nSession ID: e1147e4bc30dc5622e7a03e7461e296b\r\n\tat java.base/jdk.internal.reflect.DirectConstructorHandleAccessor.newInstance(DirectConstructorHandleAccessor.java:62)\r\n\tat java.base/java.lang.reflect.Constructor.newInstanceWithCaller(Constructor.java:502)\r\n\tat java.base/java.lang.reflect.Constructor.newInstance(Constructor.java:486)\r\n\tat org.openqa.selenium.remote.codec.w3c.W3CHttpResponseCodec.createException(W3CHttpResponseCodec.java:185)\r\n\tat org.openqa.selenium.remote.codec.w3c.W3CHttpResponseCodec.decode(W3CHttpResponseCodec.java:134)\r\n\tat org.openqa.selenium.remote.codec.w3c.W3CHttpResponseCodec.decode(W3CHttpResponseCodec.java:51)\r\n\tat org.openqa.selenium.remote.HttpCommandExecutor.execute(HttpCommandExecutor.java:190)\r\n\tat org.openqa.selenium.remote.service.DriverCommandExecutor.invokeExecute(DriverCommandExecutor.java:216)\r\n\tat org.openqa.selenium.remote.service.DriverCommandExecutor.execute(DriverCommandExecutor.java:174)\r\n\tat org.openqa.selenium.remote.RemoteWebDriver.execute(RemoteWebDriver.java:519)\r\n\tat org.openqa.selenium.remote.RemoteWebElement.execute(RemoteWebElement.java:223)\r\n\tat org.openqa.selenium.remote.RemoteWebElement.sendKeys(RemoteWebElement.java:110)\r\n\tat com.pages.ArrayPage.texteditorData(ArrayPage.java:121)\r\n\tat parallel.GeneralPageSteps.the_user_write_code_in_editor_from_given_sheetname_and_rownumber(GeneralPageSteps.java:118)\r\n\tat ✽.The user write code in Editor from sheetname 'pythonCode' and rownumber 0(file:///C:/Users/Home/eclipse-workspace/DSAlgo-ProjectTTExtent/src/test/resources/parallel/FF007_Linkedlist.feature:18)\r\n"},"stage":"finished","steps":[{"name":"Given User has already Logged in","status":"passed","statusDetails":{"known":false,"muted":false,"flaky":false},"stage":"finished","steps":[],"attachments":[{"name":"Data table","source":"a7a845b1-9e24-4b23-9ad3-a110625e11d8-attachment.csv","type":"text/tab-separated-values"}],"parameters":[],"start":1713571944775,"stop":1713571946940},{"name":"Given The user is on the \"NumpyNinja\" Home Page","status":"passed","statusDetails":{"known":false,"muted":false,"flaky":false},"stage":"finished","steps":[],"attachments":[],"parameters":[],"start":1713571946940,"stop":1713571947224},{"name":"When User clicks on Get Started button index 2","status":"passed","statusDetails":{"known":false,"muted":false,"flaky":false},"stage":"finished","steps":[],"attachments":[],"parameters":[],"start":1713571947224,"stop":1713571947587},{"name":"Then User should be on \"Linked List\" page","status":"passed","statusDetails":{"known":false,"muted":false,"flaky":false},"stage":"finished","steps":[],"attachments":[],"parameters":[],"start":1713571947587,"stop":1713571947602},{"name":"Given User is on the \"Linked List\" Home Page of URL \"https://dsportalapp.herokuapp.com/linked-list/\"","status":"passed","statusDetails":{"known":false,"muted":false,"flaky":false},"stage":"finished","steps":[],"attachments":[],"parameters":[],"start":1713571947602,"stop":1713571947841},{"name":"When User click on 'Traversal'","status":"passed","statusDetails":{"known":false,"muted":false,"flaky":false},"stage":"finished","steps":[],"attachments":[],"parameters":[],"start":1713571947841,"stop":1713571948197},{"name":"Then User should navigate to page that contains title 'Traversal'","status":"passed","statusDetails":{"known":false,"muted":false,"flaky":false},"stage":"finished","steps":[],"attachments":[],"parameters":[],"start":1713571948199,"stop":1713571948368},{"name":"When User clicks Try Here button of \"Traversal\"","status":"passed","statusDetails":{"known":false,"muted":false,"flaky":false},"stage":"finished","steps":[],"attachments":[],"parameters":[],"start":1713571948368,"stop":1713571949205},{"name":"And The user is on the \"Assessment\" Home Page","status":"passed","statusDetails":{"known":false,"muted":false,"flaky":false},"stage":"finished","steps":[],"attachments":[],"parameters":[],"start":1713571949206,"stop":1713571949518},{"name":"When The user write code in Editor from sheetname 'pythonCode' and rownumber 0","status":"broken","statusDetails":{"known":false,"muted":false,"flaky":false,"message":"element not interactable\n  (Session info: chrome=123.0.6312.124)\nBuild info: version: '4.17.0', revision: 'e52b1be057*'\nSystem info: os.name: 'Windows 11', os.arch: 'amd64', os.version: '10.0', java.version: '21.0.2'\nDriver info: org.openqa.selenium.chrome.ChromeDriver\nCommand: [e1147e4bc30dc5622e7a03e7461e296b, sendKeysToElement {value=[Ljava.lang.CharSequence;@23cb37f3, id=f.EB01ECCCC2340E2696365DA2E4859B05.d.BF406CB8D79B927BFA227AE0879061FF.e.46}]\nCapabilities {acceptInsecureCerts: false, browserName: chrome, browserVersion: 123.0.6312.124, chrome: {chromedriverVersion: 123.0.6312.122 (31f8248cdd9..., userDataDir: C:\\Users\\Home\\AppData\\Local...}, fedcm:accounts: true, goog:chromeOptions: {debuggerAddress: localhost:53705}, networkConnectionEnabled: false, pageLoadStrategy: normal, platformName: windows, proxy: Proxy(), se:cdp: ws://localhost:53705/devtoo..., se:cdpVersion: 123.0.6312.124, setWindowRect: true, strictFileInteractability: false, timeouts: {implicit: 0, pageLoad: 300000, script: 30000}, unhandledPromptBehavior: dismiss and notify, webauthn:extension:credBlob: true, webauthn:extension:largeBlob: true, webauthn:extension:minPinLength: true, webauthn:extension:prf: true, webauthn:virtualAuthenticators: true}\nElement: [org.openqa.selenium.remote.RemoteWebElement@31a332e4 -> unknown locator]\nSession ID: e1147e4bc30dc5622e7a03e7461e296b","trace":"org.openqa.selenium.ElementNotInteractableException: element not interactable\n  (Session info: chrome=123.0.6312.124)\nBuild info: version: '4.17.0', revision: 'e52b1be057*'\nSystem info: os.name: 'Windows 11', os.arch: 'amd64', os.version: '10.0', java.version: '21.0.2'\nDriver info: org.openqa.selenium.chrome.ChromeDriver\nCommand: [e1147e4bc30dc5622e7a03e7461e296b, sendKeysToElement {value=[Ljava.lang.CharSequence;@23cb37f3, id=f.EB01ECCCC2340E2696365DA2E4859B05.d.BF406CB8D79B927BFA227AE0879061FF.e.46}]\nCapabilities {acceptInsecureCerts: false, browserName: chrome, browserVersion: 123.0.6312.124, chrome: {chromedriverVersion: 123.0.6312.122 (31f8248cdd9..., userDataDir: C:\\Users\\Home\\AppData\\Local...}, fedcm:accounts: true, goog:chromeOptions: {debuggerAddress: localhost:53705}, networkConnectionEnabled: false, pageLoadStrategy: normal, platformName: windows, proxy: Proxy(), se:cdp: ws://localhost:53705/devtoo..., se:cdpVersion: 123.0.6312.124, setWindowRect: true, strictFileInteractability: false, timeouts: {implicit: 0, pageLoad: 300000, script: 30000}, unhandledPromptBehavior: dismiss and notify, webauthn:extension:credBlob: true, webauthn:extension:largeBlob: true, webauthn:extension:minPinLength: true, webauthn:extension:prf: true, webauthn:virtualAuthenticators: true}\nElement: [org.openqa.selenium.remote.RemoteWebElement@31a332e4 -> unknown locator]\nSession ID: e1147e4bc30dc5622e7a03e7461e296b\r\n\tat java.base/jdk.internal.reflect.DirectConstructorHandleAccessor.newInstance(DirectConstructorHandleAccessor.java:62)\r\n\tat java.base/java.lang.reflect.Constructor.newInstanceWithCaller(Constructor.java:502)\r\n\tat java.base/java.lang.reflect.Constructor.newInstance(Constructor.java:486)\r\n\tat org.openqa.selenium.remote.codec.w3c.W3CHttpResponseCodec.createException(W3CHttpResponseCodec.java:185)\r\n\tat org.openqa.selenium.remote.codec.w3c.W3CHttpResponseCodec.decode(W3CHttpResponseCodec.java:134)\r\n\tat org.openqa.selenium.remote.codec.w3c.W3CHttpResponseCodec.decode(W3CHttpResponseCodec.java:51)\r\n\tat org.openqa.selenium.remote.HttpCommandExecutor.execute(HttpCommandExecutor.java:190)\r\n\tat org.openqa.selenium.remote.service.DriverCommandExecutor.invokeExecute(DriverCommandExecutor.java:216)\r\n\tat org.openqa.selenium.remote.service.DriverCommandExecutor.execute(DriverCommandExecutor.java:174)\r\n\tat org.openqa.selenium.remote.RemoteWebDriver.execute(RemoteWebDriver.java:519)\r\n\tat org.openqa.selenium.remote.RemoteWebElement.execute(RemoteWebElement.java:223)\r\n\tat org.openqa.selenium.remote.RemoteWebElement.sendKeys(RemoteWebElement.java:110)\r\n\tat com.pages.ArrayPage.texteditorData(ArrayPage.java:121)\r\n\tat parallel.GeneralPageSteps.the_user_write_code_in_editor_from_given_sheetname_and_rownumber(GeneralPageSteps.java:118)\r\n\tat ✽.The user write code in Editor from sheetname 'pythonCode' and rownumber 0(file:///C:/Users/Home/eclipse-workspace/DSAlgo-ProjectTTExtent/src/test/resources/parallel/FF007_Linkedlist.feature:18)\r\n"},"stage":"finished","steps":[],"attachments":[],"parameters":[],"start":1713571949518,"stop":1713571952189},{"name":"And Click the run button","status":"skipped","statusDetails":{"known":false,"muted":false,"flaky":false},"stage":"finished","steps":[],"attachments":[],"parameters":[],"start":1713571952191,"stop":1713571952191},{"name":"Then The user should able to see output in the console \"hello\"","status":"skipped","statusDetails":{"known":false,"muted":false,"flaky":false},"stage":"finished","steps":[],"attachments":[],"parameters":[],"start":1713571952191,"stop":1713571952192},{"name":"And The user is on the \"Assessment\" Home Page","status":"skipped","statusDetails":{"known":false,"muted":false,"flaky":false},"stage":"finished","steps":[],"attachments":[],"parameters":[],"start":1713571952192,"stop":1713571952192},{"name":"When The user write code in Editor from sheetname 'pythonCode' and rownumber 1","status":"skipped","statusDetails":{"known":false,"muted":false,"flaky":false},"stage":"finished","steps":[],"attachments":[],"parameters":[],"start":1713571952192,"stop":1713571952193},{"name":"And Click the run button","status":"skipped","statusDetails":{"known":false,"muted":false,"flaky":false},"stage":"finished","steps":[],"attachments":[],"parameters":[],"start":1713571952193,"stop":1713571952193},{"name":"Then The user should able to see an error message in alert window","status":"skipped","statusDetails":{"known":false,"muted":false,"flaky":false},"stage":"finished","steps":[],"attachments":[],"parameters":[],"start":1713571952193,"stop":1713571952194},{"name":"And The user is on the \"Assessment\" Home Page","status":"skipped","statusDetails":{"known":false,"muted":false,"flaky":false},"stage":"finished","steps":[],"attachments":[],"parameters":[],"start":1713571952194,"stop":1713571952194}],"attachments":[],"parameters":[{"name":"Topic","value":"Traversal"},{"name":"Title","value":"Traversal"},{"name":"Try Here","value":"Try Here"},{"name":"SheetName","value":"pythonCode"}],"start":1713571941362,"stop":1713571960033}