{"uuid":"8a473c18-48f9-4bd8-bb61-45ceea480eef","historyId":"71345f81359a20994191f7dae37be0b9","testCaseId":"57b93ca7a1b7adc065ab8677ae596ce3","fullName":"src/test/resources/parallel/FF006_Arraypage.feature:48","labels":[{"name":"tag","value":"RegressionTest"},{"name":"host","value":"Dell"},{"name":"thread","value":"89836@Dell.TestNG-PoolService-2(29)"},{"name":"feature","value":"Array Functionality with login"},{"name":"story","value":"Practice Questions Validation with valid codes"},{"name":"suite","value":"Array Functionality with login"},{"name":"testClass","value":"Practice Questions Validation with valid codes"},{"name":"framework","value":"cucumber4jvm"},{"name":"language","value":"java"},{"name":"gherkin_uri","value":"file:///C:/Users/Home/eclipse-workspace/DSAlgo-ProjectTTExtent/src/test/resources/parallel/FF006_Arraypage.feature"},{"name":"package","value":"src.test.resources.parallel.FF006_Arraypage_feature.Array Functionality with login"}],"links":[],"name":"Practice Questions Validation with valid codes","status":"broken","statusDetails":{"known":false,"muted":false,"flaky":false,"message":"element not interactable\n  (Session info: chrome=123.0.6312.124)\nBuild info: version: '4.17.0', revision: 'e52b1be057*'\nSystem info: os.name: 'Windows 11', os.arch: 'amd64', os.version: '10.0', java.version: '21.0.2'\nDriver info: org.openqa.selenium.chrome.ChromeDriver\nCommand: [51d1b2d0767228c0300bf1e3665a2162, sendKeysToElement {id=f.BB1C5D20A243E4D991E6F16CF2CC0D1B.d.6372E68998FFC1D2F80864161058F375.e.41, value=[Ljava.lang.CharSequence;@1ab55b5d}]\nCapabilities {acceptInsecureCerts: false, browserName: chrome, browserVersion: 123.0.6312.124, chrome: {chromedriverVersion: 123.0.6312.122 (31f8248cdd9..., userDataDir: C:\\Users\\Home\\AppData\\Local...}, fedcm:accounts: true, goog:chromeOptions: {debuggerAddress: localhost:60324}, networkConnectionEnabled: false, pageLoadStrategy: normal, platformName: windows, proxy: Proxy(), se:cdp: ws://localhost:60324/devtoo..., se:cdpVersion: 123.0.6312.124, setWindowRect: true, strictFileInteractability: false, timeouts: {implicit: 0, pageLoad: 300000, script: 30000}, unhandledPromptBehavior: dismiss and notify, webauthn:extension:credBlob: true, webauthn:extension:largeBlob: true, webauthn:extension:minPinLength: true, webauthn:extension:prf: true, webauthn:virtualAuthenticators: true}\nElement: [[ChromeDriver: chrome on windows (51d1b2d0767228c0300bf1e3665a2162)] -> xpath: //form[@id='answer_form']/div/div/div/textarea]\nSession ID: 51d1b2d0767228c0300bf1e3665a2162","trace":"org.openqa.selenium.ElementNotInteractableException: element not interactable\n  (Session info: chrome=123.0.6312.124)\nBuild info: version: '4.17.0', revision: 'e52b1be057*'\nSystem info: os.name: 'Windows 11', os.arch: 'amd64', os.version: '10.0', java.version: '21.0.2'\nDriver info: org.openqa.selenium.chrome.ChromeDriver\nCommand: [51d1b2d0767228c0300bf1e3665a2162, sendKeysToElement {id=f.BB1C5D20A243E4D991E6F16CF2CC0D1B.d.6372E68998FFC1D2F80864161058F375.e.41, value=[Ljava.lang.CharSequence;@1ab55b5d}]\nCapabilities {acceptInsecureCerts: false, browserName: chrome, browserVersion: 123.0.6312.124, chrome: {chromedriverVersion: 123.0.6312.122 (31f8248cdd9..., userDataDir: C:\\Users\\Home\\AppData\\Local...}, fedcm:accounts: true, goog:chromeOptions: {debuggerAddress: localhost:60324}, networkConnectionEnabled: false, pageLoadStrategy: normal, platformName: windows, proxy: Proxy(), se:cdp: ws://localhost:60324/devtoo..., se:cdpVersion: 123.0.6312.124, setWindowRect: true, strictFileInteractability: false, timeouts: {implicit: 0, pageLoad: 300000, script: 30000}, unhandledPromptBehavior: dismiss and notify, webauthn:extension:credBlob: true, webauthn:extension:largeBlob: true, webauthn:extension:minPinLength: true, webauthn:extension:prf: true, webauthn:virtualAuthenticators: true}\nElement: [[ChromeDriver: chrome on windows (51d1b2d0767228c0300bf1e3665a2162)] -> xpath: //form[@id='answer_form']/div/div/div/textarea]\nSession ID: 51d1b2d0767228c0300bf1e3665a2162\r\n\tat java.base/jdk.internal.reflect.DirectConstructorHandleAccessor.newInstance(DirectConstructorHandleAccessor.java:62)\r\n\tat java.base/java.lang.reflect.Constructor.newInstanceWithCaller(Constructor.java:502)\r\n\tat java.base/java.lang.reflect.Constructor.newInstance(Constructor.java:486)\r\n\tat org.openqa.selenium.remote.codec.w3c.W3CHttpResponseCodec.createException(W3CHttpResponseCodec.java:185)\r\n\tat org.openqa.selenium.remote.codec.w3c.W3CHttpResponseCodec.decode(W3CHttpResponseCodec.java:134)\r\n\tat org.openqa.selenium.remote.codec.w3c.W3CHttpResponseCodec.decode(W3CHttpResponseCodec.java:51)\r\n\tat org.openqa.selenium.remote.HttpCommandExecutor.execute(HttpCommandExecutor.java:190)\r\n\tat org.openqa.selenium.remote.service.DriverCommandExecutor.invokeExecute(DriverCommandExecutor.java:216)\r\n\tat org.openqa.selenium.remote.service.DriverCommandExecutor.execute(DriverCommandExecutor.java:174)\r\n\tat org.openqa.selenium.remote.RemoteWebDriver.execute(RemoteWebDriver.java:519)\r\n\tat org.openqa.selenium.remote.RemoteWebElement.execute(RemoteWebElement.java:223)\r\n\tat org.openqa.selenium.remote.RemoteWebElement.sendKeys(RemoteWebElement.java:110)\r\n\tat com.pages.ArrayPage.copyCode(ArrayPage.java:138)\r\n\tat parallel.GeneralPageSteps.the_user_write_code_inPracQn_editor_from_sheetname_and_rownumber(GeneralPageSteps.java:127)\r\n\tat ✽.The user write code in PracQn Editor from sheetname 'pythonCode' and rownumber 4(file:///C:/Users/Home/eclipse-workspace/DSAlgo-ProjectTTExtent/src/test/resources/parallel/FF006_Arraypage.feature:41)\r\n"},"stage":"finished","steps":[{"name":"Given User has already Logged in","status":"passed","statusDetails":{"known":false,"muted":false,"flaky":false},"stage":"finished","steps":[],"attachments":[{"name":"Data table","source":"f7542533-ca96-4aa4-afd2-7eaabed8e962-attachment.csv","type":"text/tab-separated-values"}],"parameters":[],"start":1713573756936,"stop":1713573759302},{"name":"Given The user is on the \"NumpyNinja\" Home Page","status":"passed","statusDetails":{"known":false,"muted":false,"flaky":false},"stage":"finished","steps":[],"attachments":[],"parameters":[],"start":1713573759303,"stop":1713573759514},{"name":"When User clicks on Data Structures dropdown arrow","status":"passed","statusDetails":{"known":false,"muted":false,"flaky":false},"stage":"finished","steps":[],"attachments":[],"parameters":[],"start":1713573759516,"stop":1713573759672},{"name":"Then User should able to see six option in DataStructure Dropdown","status":"passed","statusDetails":{"known":false,"muted":false,"flaky":false},"stage":"finished","steps":[],"attachments":[],"parameters":[],"start":1713573759673,"stop":1713573759674},{"name":"When User clicks on the Arrays List","status":"passed","statusDetails":{"known":false,"muted":false,"flaky":false},"stage":"finished","steps":[],"attachments":[],"parameters":[],"start":1713573759674,"stop":1713573760109},{"name":"Then User should be on \"Array\" page","status":"passed","statusDetails":{"known":false,"muted":false,"flaky":false},"stage":"finished","steps":[],"attachments":[],"parameters":[],"start":1713573760109,"stop":1713573760121},{"name":"Given The user is on the \"Practice Questions\" page","status":"passed","statusDetails":{"known":false,"muted":false,"flaky":false},"stage":"finished","steps":[],"attachments":[],"parameters":[],"start":1713573760121,"stop":1713573760375},{"name":"When User click on \"Max Consecutive Ones\" page","status":"passed","statusDetails":{"known":false,"muted":false,"flaky":false},"stage":"finished","steps":[],"attachments":[],"parameters":[],"start":1713573760376,"stop":1713573762242},{"name":"And User clear the text-editor","status":"passed","statusDetails":{"known":false,"muted":false,"flaky":false},"stage":"finished","steps":[],"attachments":[],"parameters":[],"start":1713573762242,"stop":1713573762317},{"name":"When The user write code in PracQn Editor from sheetname 'pythonCode' and rownumber 4","status":"broken","statusDetails":{"known":false,"muted":false,"flaky":false,"message":"element not interactable\n  (Session info: chrome=123.0.6312.124)\nBuild info: version: '4.17.0', revision: 'e52b1be057*'\nSystem info: os.name: 'Windows 11', os.arch: 'amd64', os.version: '10.0', java.version: '21.0.2'\nDriver info: org.openqa.selenium.chrome.ChromeDriver\nCommand: [51d1b2d0767228c0300bf1e3665a2162, sendKeysToElement {id=f.BB1C5D20A243E4D991E6F16CF2CC0D1B.d.6372E68998FFC1D2F80864161058F375.e.41, value=[Ljava.lang.CharSequence;@1ab55b5d}]\nCapabilities {acceptInsecureCerts: false, browserName: chrome, browserVersion: 123.0.6312.124, chrome: {chromedriverVersion: 123.0.6312.122 (31f8248cdd9..., userDataDir: C:\\Users\\Home\\AppData\\Local...}, fedcm:accounts: true, goog:chromeOptions: {debuggerAddress: localhost:60324}, networkConnectionEnabled: false, pageLoadStrategy: normal, platformName: windows, proxy: Proxy(), se:cdp: ws://localhost:60324/devtoo..., se:cdpVersion: 123.0.6312.124, setWindowRect: true, strictFileInteractability: false, timeouts: {implicit: 0, pageLoad: 300000, script: 30000}, unhandledPromptBehavior: dismiss and notify, webauthn:extension:credBlob: true, webauthn:extension:largeBlob: true, webauthn:extension:minPinLength: true, webauthn:extension:prf: true, webauthn:virtualAuthenticators: true}\nElement: [[ChromeDriver: chrome on windows (51d1b2d0767228c0300bf1e3665a2162)] -> xpath: //form[@id='answer_form']/div/div/div/textarea]\nSession ID: 51d1b2d0767228c0300bf1e3665a2162","trace":"org.openqa.selenium.ElementNotInteractableException: element not interactable\n  (Session info: chrome=123.0.6312.124)\nBuild info: version: '4.17.0', revision: 'e52b1be057*'\nSystem info: os.name: 'Windows 11', os.arch: 'amd64', os.version: '10.0', java.version: '21.0.2'\nDriver info: org.openqa.selenium.chrome.ChromeDriver\nCommand: [51d1b2d0767228c0300bf1e3665a2162, sendKeysToElement {id=f.BB1C5D20A243E4D991E6F16CF2CC0D1B.d.6372E68998FFC1D2F80864161058F375.e.41, value=[Ljava.lang.CharSequence;@1ab55b5d}]\nCapabilities {acceptInsecureCerts: false, browserName: chrome, browserVersion: 123.0.6312.124, chrome: {chromedriverVersion: 123.0.6312.122 (31f8248cdd9..., userDataDir: C:\\Users\\Home\\AppData\\Local...}, fedcm:accounts: true, goog:chromeOptions: {debuggerAddress: localhost:60324}, networkConnectionEnabled: false, pageLoadStrategy: normal, platformName: windows, proxy: Proxy(), se:cdp: ws://localhost:60324/devtoo..., se:cdpVersion: 123.0.6312.124, setWindowRect: true, strictFileInteractability: false, timeouts: {implicit: 0, pageLoad: 300000, script: 30000}, unhandledPromptBehavior: dismiss and notify, webauthn:extension:credBlob: true, webauthn:extension:largeBlob: true, webauthn:extension:minPinLength: true, webauthn:extension:prf: true, webauthn:virtualAuthenticators: true}\nElement: [[ChromeDriver: chrome on windows (51d1b2d0767228c0300bf1e3665a2162)] -> xpath: //form[@id='answer_form']/div/div/div/textarea]\nSession ID: 51d1b2d0767228c0300bf1e3665a2162\r\n\tat java.base/jdk.internal.reflect.DirectConstructorHandleAccessor.newInstance(DirectConstructorHandleAccessor.java:62)\r\n\tat java.base/java.lang.reflect.Constructor.newInstanceWithCaller(Constructor.java:502)\r\n\tat java.base/java.lang.reflect.Constructor.newInstance(Constructor.java:486)\r\n\tat org.openqa.selenium.remote.codec.w3c.W3CHttpResponseCodec.createException(W3CHttpResponseCodec.java:185)\r\n\tat org.openqa.selenium.remote.codec.w3c.W3CHttpResponseCodec.decode(W3CHttpResponseCodec.java:134)\r\n\tat org.openqa.selenium.remote.codec.w3c.W3CHttpResponseCodec.decode(W3CHttpResponseCodec.java:51)\r\n\tat org.openqa.selenium.remote.HttpCommandExecutor.execute(HttpCommandExecutor.java:190)\r\n\tat org.openqa.selenium.remote.service.DriverCommandExecutor.invokeExecute(DriverCommandExecutor.java:216)\r\n\tat org.openqa.selenium.remote.service.DriverCommandExecutor.execute(DriverCommandExecutor.java:174)\r\n\tat org.openqa.selenium.remote.RemoteWebDriver.execute(RemoteWebDriver.java:519)\r\n\tat org.openqa.selenium.remote.RemoteWebElement.execute(RemoteWebElement.java:223)\r\n\tat org.openqa.selenium.remote.RemoteWebElement.sendKeys(RemoteWebElement.java:110)\r\n\tat com.pages.ArrayPage.copyCode(ArrayPage.java:138)\r\n\tat parallel.GeneralPageSteps.the_user_write_code_inPracQn_editor_from_sheetname_and_rownumber(GeneralPageSteps.java:127)\r\n\tat ✽.The user write code in PracQn Editor from sheetname 'pythonCode' and rownumber 4(file:///C:/Users/Home/eclipse-workspace/DSAlgo-ProjectTTExtent/src/test/resources/parallel/FF006_Arraypage.feature:41)\r\n"},"stage":"finished","steps":[],"attachments":[],"parameters":[],"start":1713573762317,"stop":1713573763885},{"name":"And Click the run button","status":"skipped","statusDetails":{"known":false,"muted":false,"flaky":false},"stage":"finished","steps":[],"attachments":[],"parameters":[],"start":1713573763897,"stop":1713573763898},{"name":"Then The user is on the \"Assessment\" Page1","status":"skipped","statusDetails":{"known":false,"muted":false,"flaky":false},"stage":"finished","steps":[],"attachments":[],"parameters":[],"start":1713573763898,"stop":1713573763899}],"attachments":[],"parameters":[{"name":"Practice_Topic","value":"Max Consecutive Ones"},{"name":"URL","value":"https://dsportalapp.herokuapp.com/question/2"},{"name":"SheetName","value":"pythonCode"},{"name":"RowNum","value":"4"},{"name":"Result","value":"4"}],"start":1713573754668,"stop":1713573783306}